<?xml version="1.0" encoding="UTF-8"?>
<testng-results ignored="0" total="1" passed="1" failed="0" skipped="0">
  <reporter-output>
  </reporter-output>
  <suite started-at="2023-03-05T11:52:02 IST" name="Default suite" finished-at="2023-03-05T11:52:05 IST" duration-ms="2468">
    <groups>
    </groups>
    <test started-at="2023-03-05T11:52:02 IST" name="Default test" finished-at="2023-03-05T11:52:05 IST" duration-ms="2468">
      <class name="Day5.ParsingXMLResponse">
        <test-method signature="testXMLResponseBody()[pri:0, instance:Day5.ParsingXMLResponse@156b88f5]" started-at="2023-03-05T11:52:02 IST" name="testXMLResponseBody" finished-at="2023-03-05T11:52:05 IST" duration-ms="2400" status="PASS">
          <reporter-output>
          </reporter-output>
        </test-method> <!-- testXMLResponseBody -->
      </class> <!-- Day5.ParsingXMLResponse -->
    </test> <!-- Default test -->
  </suite> <!-- Default suite -->
</testng-results>
